c:\users\homepc\documents\unreal engine developer\xyz\7.1 snake\snake\snake\x64\debug\vc143.pdb
c:\users\homepc\documents\unreal engine developer\xyz\7.1 snake\snake\snake\x64\debug\vc143.idb
c:\users\homepc\documents\unreal engine developer\xyz\7.1 snake\snake\snake\x64\debug\wall.obj
c:\users\homepc\documents\unreal engine developer\xyz\7.1 snake\snake\snake\x64\debug\ui.obj
c:\users\homepc\documents\unreal engine developer\xyz\7.1 snake\snake\snake\x64\debug\player.obj
c:\users\homepc\documents\unreal engine developer\xyz\7.1 snake\snake\snake\x64\debug\math.obj
c:\users\homepc\documents\unreal engine developer\xyz\7.1 snake\snake\snake\x64\debug\gamemain.obj
c:\users\homepc\documents\unreal engine developer\xyz\7.1 snake\snake\snake\x64\debug\game.obj
c:\users\homepc\documents\unreal engine developer\xyz\7.1 snake\snake\snake\x64\debug\constants.obj
c:\users\homepc\documents\unreal engine developer\xyz\7.1 snake\snake\snake\x64\debug\apples.obj
c:\users\homepc\documents\unreal engine developer\xyz\7.1 snake\snake\x64\debug\snake.exe
c:\users\homepc\documents\unreal engine developer\xyz\7.1 snake\snake\x64\debug\snake.pdb
c:\users\homepc\documents\unreal engine developer\xyz\7.1 snake\snake\snake\x64\debug\snake.ilk
c:\users\homepc\documents\unreal engine developer\xyz\7.1 snake\snake\snake\x64\debug\snake.tlog\cl.command.1.tlog
c:\users\homepc\documents\unreal engine developer\xyz\7.1 snake\snake\snake\x64\debug\snake.tlog\cl.items.tlog
c:\users\homepc\documents\unreal engine developer\xyz\7.1 snake\snake\snake\x64\debug\snake.tlog\cl.read.1.tlog
c:\users\homepc\documents\unreal engine developer\xyz\7.1 snake\snake\snake\x64\debug\snake.tlog\cl.write.1.tlog
c:\users\homepc\documents\unreal engine developer\xyz\7.1 snake\snake\snake\x64\debug\snake.tlog\link.command.1.tlog
c:\users\homepc\documents\unreal engine developer\xyz\7.1 snake\snake\snake\x64\debug\snake.tlog\link.read.1.tlog
c:\users\homepc\documents\unreal engine developer\xyz\7.1 snake\snake\snake\x64\debug\snake.tlog\link.secondary.1.tlog
c:\users\homepc\documents\unreal engine developer\xyz\7.1 snake\snake\snake\x64\debug\snake.tlog\link.write.1.tlog
